Compiling the CUDA compiler identification source file "CMakeCUDACompilerId.cu" failed.
Compiler: C:/Program Files/NVIDIA GPU Computing Toolkit/CUDA/v10.0/bin/nvcc.exe 
Build flags: 
Id flags:  -v;--keep;--keep-dir;tmp

The output was:
2

C:\zong\Lehigh\Study\e2019Fall\281\ubuntu\memcached-uhm\cmake-build-debug\CMakeFiles\3.15.3\CompilerIdCUDA>call "C:/Program Files (x86)/Microsoft Visual Studio/2017/Professional/VC/Tools/MSVC/14.16.27023/bin/Hostx64/x86/../../../../../../../VC/Auxiliary/Build/vcvars64.bat" 
**********************************************************************
** Visual Studio 2017 Developer Command Prompt v15.9.11
** Copyright (c) 2017 Microsoft Corporation
**********************************************************************
[vcvarsall.bat] Environment initialized for: 'x64'
#$ C:/Program Files (x86)/Microsoft Visual Studio/2017/Professional/VC/Tools/MSVC/14.16.27023/bin/Hostx64/x86/../../../../../../../VC/Auxiliary/Build/vcvars64.bat
#$ ALLUSERSPROFILE=C:\ProgramData
#$ APPDATA=C:\Users\xiede\AppData\Roaming
#$ AV_APPDATA=C:\Users\xiede\AppData\Roaming
#$ CLion=C:\Program Files\JetBrains\CLion 2018.3.4\bin;
#$ CLION_IDE=TRUE
#$ CommandPromptType=Native
#$ CommonProgramFiles=C:\Program Files\Common Files
#$ CommonProgramFiles(x86)=C:\Program Files (x86)\Common Files
#$ CommonProgramW6432=C:\Program Files\Common Files
#$ COMPUTERNAME=THINKPADX1Y2
#$ ComSpec=C:\WINDOWS\system32\cmd.exe
#$ CONDA_BAT=C:\ProgramData\Anaconda3\condabin\conda.bat
#$ CONDA_EXE=C:\ProgramData\Anaconda3\Scripts\conda.exe
#$ CONDA_SHLVL=0
#$ configsetroot=C:\WINDOWS\ConfigSetRoot
#$ CUDA_PATH_V10_0=C:\Program Files\NVIDIA GPU Computing Toolkit\CUDA\v10.0
#$ CXX=C:/MinGW/bin/g++.exe
#$ DevEnvDir=C:\Program Files (x86)\Microsoft Visual Studio\2017\Professional\Common7\IDE\
#$ DriverData=C:\Windows\System32\Drivers\DriverData
#$ FPS_BROWSER_APP_PROFILE_STRING=Internet Explorer
#$ FPS_BROWSER_USER_PROFILE_STRING=Default
#$ Framework40Version=v4.0
#$ FrameworkDir=C:\Windows\Microsoft.NET\Framework64\
#$ FrameworkDir64=C:\Windows\Microsoft.NET\Framework64\
#$ FrameworkVersion=v4.0.30319
#$ FrameworkVersion64=v4.0.30319
#$ HOMEDRIVE=C:
#$ HOMEPATH=\Users\xiede
#$ IDEA_INITIAL_DIRECTORY=C:\Users\xiede
#$ INCLUDE=C:\Program Files (x86)\Microsoft Visual Studio\2017\Professional\VC\Tools\MSVC\14.16.27023\include;C:\Program Files (x86)\Windows Kits\NETFXSDK\4.6.1\include\um;
#$ JAVA_HOME=C:\Program Files\Java\jdk1.8.0_144
#$ JETBRAINS_IDE=TRUE
#$ LIB=C:\Program Files (x86)\Microsoft Visual Studio\2017\Professional\VC\Tools\MSVC\14.16.27023\lib\x64;C:\Program Files (x86)\Windows Kits\NETFXSDK\4.6.1\lib\um\x64;
#$ LIBPATH=C:\Program Files (x86)\Microsoft Visual Studio\2017\Professional\VC\Tools\MSVC\14.16.27023\lib\x64;C:\Program Files (x86)\Microsoft Visual Studio\2017\Professional\VC\Tools\MSVC\14.16.27023\lib\x86\store\references;C:\Windows\Microsoft.NET\Framework64\v4.0.30319;
#$ LNKEVN=C:\Program Files (x86)\Internet Explorer\iexplore.exe
#$ LOCALAPPDATA=C:\Users\xiede\AppData\Local
#$ LOGONSERVER=\\THINKPADX1Y2
#$ MACTYPE_X64ADDR=140707128730864
#$ NETFXSDKDir=C:\Program Files (x86)\Windows Kits\NETFXSDK\4.6.1\
#$ NUMBER_OF_PROCESSORS=4
#$ NVCUDASAMPLES10_0_ROOT=C:\ProgramData\NVIDIA Corporation\CUDA Samples\v10.0
#$ NVCUDASAMPLES10_1_ROOT=C:\ProgramData\NVIDIA Corporation\CUDA Samples\v10.1
#$ NVTOOLSEXT_PATH=C:\Program Files\NVIDIA Corporation\NvToolsExt\
#$ OneDrive=C:\Users\xiede\OneDrive
#$ OneDriveConsumer=C:\Users\xiede\OneDrive
#$ OS=Windows_NT
#$ PATH=C:\Program Files (x86)\Microsoft Visual Studio\2017\Professional\VC\Tools\MSVC\14.16.27023\bin\HostX64\x64;C:\Program Files (x86)\Microsoft Visual Studio\2017\Professional\Common7\IDE\VC\VCPackages;C:\Program Files (x86)\Microsoft Visual Studio\2017\Professional\Common7\IDE\CommonExtensions\Microsoft\TestWindow;C:\Program Files (x86)\Microsoft Visual Studio\2017\Professional\Common7\IDE\CommonExtensions\Microsoft\TeamFoundation\Team Explorer;C:\Program Files (x86)\Microsoft Visual Studio\2017\Professional\MSBuild\15.0\bin\Roslyn;C:\Program Files (x86)\Microsoft Visual Studio\2017\Professional\Team Tools\Performance Tools\x64;C:\Program Files (x86)\Microsoft Visual Studio\2017\Professional\Team Tools\Performance Tools;C:\Program Files (x86)\Microsoft Visual Studio\Shared\Common\VSPerfCollectionTools\\x64;C:\Program Files (x86)\Microsoft Visual Studio\Shared\Common\VSPerfCollectionTools\;C:\Program Files (x86)\Microsoft SDKs\Windows\v10.0A\bin\NETFX 4.6.1 Tools\x64\;C:\Program Files (x86)\Microsoft Visual Studio\2017\Professional\\MSBuild\15.0\bin;C:\Windows\Microsoft.NET\Framework64\v4.0.30319;C:\Program Files (x86)\Microsoft Visual Studio\2017\Professional\Common7\IDE\;C:\Program Files (x86)\Microsoft Visual Studio\2017\Professional\Common7\Tools\;C:\ProgramData\Anaconda3\condabin;C:\MinGW\bin;C:\Program Files (x86)\Razer Chroma SDK\bin;C:\Program Files\Razer Chroma SDK\bin;C:\Program Files (x86)\Razer\ChromaBroadcast\bin;C:\Program Files\Razer\ChromaBroadcast\bin;C:\ProgramData\DockerDesktop\version-bin;C:\Program Files\Docker\Docker\Resources\bin;C:\ProgramData\Anaconda3\condabin;C:\Program Files\NVIDIA GPU Computing Toolkit\CUDA\v10.0\bin;C:\Program Files\NVIDIA GPU Computing Toolkit\CUDA\v10.0\libnvvp;C:\Program Files (x86)\Common Files\Oracle\Java\javapath;C:\ProgramData\Oracle\Java\javapath;C:\WINDOWS\system32;C:\WINDOWS\System32\Wbem;C:\WINDOWS\System32\WindowsPowerShell\v1.0\;C:\Program Files\MacType;C:\winrun;C:\adb;C:\MinGW\bin;C:\MinGW\libexec\gcc\mingw32\6.3.0;C:\WINDOWS\System32\OpenSSH\;C:\Program Files (x86)\sbt\bin;C:\Program Files\apache-maven-3.5.4\bin;C:\Program Files\Java\jdk1.8.0_144\bin\;C:\Program Files\nodejs\;C:\Program Files (x86)\sbt\lib\local-preloaded\org.scala-lang\scala-compiler\2.12.6;C:\Program Files\Git;C:\ProgramData\Anaconda3\Scripts;C:\ProgramData\Anaconda3\;C:\Program Files (x86)\NVIDIA Corporation\PhysX\Common;C:\Program Files (x86)\Microsoft Visual Studio\2017\Professional\VC\Tools\MSVC\14.16.27023\bin\Hostx64\x86;C:\Program Files (x86)\Microsoft Visual Studio\2017\Professional\VC\Tools\MSVC\14.16.27023\bin\Hostx64\x64;C:\Program Files\NVIDIA Corporation\NVIDIA NvDLISR;C:\Program Files\NVIDIA GPU Computing Toolkit\CUDA\v10.0\lib\x64;C:\WINDOWS;C:\WINDOWS\system32;C:\WINDOWS;C:\WINDOWS\System32\Wbem;C:\WINDOWS\System32\WindowsPowerShell\v1.0\;C:\WINDOWS\System32\OpenSSH\;C:\Program Files (x86)\Intel\Intel(R) Management Engine Components\DAL;C:\Program Files\Intel\Intel(R) Management Engine Components\DAL;C:\Program Files\Intel\WiFi\bin\;C:\Program Files\Common Files\Intel\WirelessCommon\;C:\WINDOWS\system32\config\systemprofile\AppData\Local\Microsoft\WindowsApps;;C:\Program Files\Process Lasso\;C:\ProgramData\Anaconda3\condabin;C:\Program Files\NVIDIA GPU Computing Toolkit\CUDA\v10.0\bin;C:\Program Files\NVIDIA GPU Computing Toolkit\CUDA\v10.0\libnvvp;C:\Program Files\Docker\Docker\Resources\bin;C:\Program Files (x86)\Common Files\Oracle\Java\javapath;C:\ProgramData\Oracle\Java\javapath;C:\WINDOWS\system32;C:\WINDOWS\System32\Wbem;C:\WINDOWS\System32\WindowsPowerShell\v1.0\;C:\Program Files\MacType;C:\winrun;C:\adb;C:\MinGW\bin;C:\MinGW\libexec\gcc\mingw32\6.3.0;C:\WINDOWS\System32\OpenSSH\;C:\Program Files (x86)\sbt\bin;C:\Program Files\apache-maven-3.5.4\bin;C:\Program Files\Java\jdk1.8.0_144\bin\;C:\Program Files\nodejs\;C:\Program Files (x86)\sbt\lib\local-preloaded\org.scala-lang\scala-compiler\2.12.6;C:\Program Files\Git;C:\ProgramData\Anaconda3\Scripts;C:\ProgramData\Anaconda3\;C:\Program Files\Intel\WiFi\bin\;C:\Program Files\Common Files\Intel\WirelessCommon\;C:\Program Files (x86)\Intel\Intel(R) Management Engine Components\DAL;C:\Program Files\Intel\Intel(R) Management Engine Components\DAL;C:\Users\xiede\AppData\Local\Microsoft\WindowsApps;;C:\Users\xiede\AppData\Local\Programs\Microsoft VS Code\bin;C:\Program Files (x86)\Microsoft Visual Studio\2017\Professional\Common7\IDE\CommonExtensions\Microsoft\CMake\CMake\bin;C:\Program Files (x86)\Microsoft Visual Studio\2017\Professional\Common7\IDE\CommonExtensions\Microsoft\CMake\Ninja
#$ PATHEXT=.COM;.EXE;.BAT;.CMD;.VBS;.VBE;.JS;.JSE;.WSF;.WSH;.MSC
#$ Platform=x64
#$ PROCESSOR_ARCHITECTURE=AMD64
#$ PROCESSOR_IDENTIFIER=Intel64 Family 6 Model 142 Stepping 9, GenuineIntel
#$ PROCESSOR_LEVEL=6
#$ PROCESSOR_REVISION=8e09
#$ ProgramData=C:\ProgramData
#$ ProgramFiles=C:\Program Files
#$ ProgramFiles(x86)=C:\Program Files (x86)
#$ ProgramW6432=C:\Program Files
#$ PROMPT=$P$G
#$ PSModulePath=C:\Program Files\WindowsPowerShell\Modules;C:\WINDOWS\system32\WindowsPowerShell\v1.0\Modules
#$ PUBLIC=C:\Users\Public
#$ SBT_HOME=C:\Program Files (x86)\sbt\
#$ SESSIONNAME=Console
#$ SystemDrive=C:
#$ SystemRoot=C:\WINDOWS
#$ UniversalCRTSdkDir=C:\Program Files (x86)\Windows Kits\10\
#$ USERDOMAIN=THINKPADX1Y2
#$ USERDOMAIN_ROAMINGPROFILE=THINKPADX1Y2
#$ USERNAME=xiede
#$ USERPROFILE=C:\Users\xiede
#$ VCIDEInstallDir=C:\Program Files (x86)\Microsoft Visual Studio\2017\Professional\Common7\IDE\VC\
#$ VCINSTALLDIR=C:\Program Files (x86)\Microsoft Visual Studio\2017\Professional\VC\
#$ VCToolsInstallDir=C:\Program Files (x86)\Microsoft Visual Studio\2017\Professional\VC\Tools\MSVC\14.16.27023\
#$ VCToolsRedistDir=C:\Program Files (x86)\Microsoft Visual Studio\2017\Professional\VC\Redist\MSVC\14.16.27012\
#$ VCToolsVersion=14.16.27023
#$ VisualStudioVersion=15.0
#$ VS140COMNTOOLS=C:\Program Files (x86)\Microsoft Visual Studio 14.0\Common7\Tools\
#$ VS150COMNTOOLS=C:\Program Files (x86)\Microsoft Visual Studio\2017\Professional\Common7\Tools\
#$ VSCMD_ARG_app_plat=Desktop
#$ VSCMD_ARG_HOST_ARCH=x64
#$ VSCMD_ARG_TGT_ARCH=x64
#$ VSCMD_VER=15.9.11
#$ vsconsoleoutput=1
#$ VSINSTALLDIR=C:\Program Files (x86)\Microsoft Visual Studio\2017\Professional\
#$ VSSDK150INSTALL=C:\Program Files (x86)\Microsoft Visual Studio\2017\Professional\VSSDK
#$ WebStorm=C:\Program Files\JetBrains\WebStorm 2019.1.2\bin;
#$ windir=C:\Windows
#$ WindowsLibPath=References\CommonConfiguration\Neutral
#$ WindowsSDKLibVersion=winv6.3\
#$ WindowsSDKVersion=\
#$ WindowsSDK_ExecutablePath_x64=C:\Program Files (x86)\Microsoft SDKs\Windows\v10.0A\bin\NETFX 4.6.1 Tools\x64\
#$ WindowsSDK_ExecutablePath_x86=C:\Program Files (x86)\Microsoft SDKs\Windows\v10.0A\bin\NETFX 4.6.1 Tools\
#$ WIN_DIR=C:\Windows
#$ __DOTNET_ADD_64BIT=1
#$ __DOTNET_PREFERRED_BITNESS=64
#$ __VSCMD_PREINIT_PATH=C:\ProgramData\Anaconda3\condabin;C:\MinGW\bin;C:\Program Files (x86)\Razer Chroma SDK\bin;C:\Program Files\Razer Chroma SDK\bin;C:\Program Files (x86)\Razer\ChromaBroadcast\bin;C:\Program Files\Razer\ChromaBroadcast\bin;C:\ProgramData\DockerDesktop\version-bin;C:\Program Files\Docker\Docker\Resources\bin;C:\ProgramData\Anaconda3\condabin;C:\Program Files\NVIDIA GPU Computing Toolkit\CUDA\v10.0\bin;C:\Program Files\NVIDIA GPU Computing Toolkit\CUDA\v10.0\libnvvp;C:\Program Files (x86)\Common Files\Oracle\Java\javapath;C:\ProgramData\Oracle\Java\javapath;C:\WINDOWS\system32;C:\WINDOWS\System32\Wbem;C:\WINDOWS\System32\WindowsPowerShell\v1.0\;C:\Program Files\MacType;C:\winrun;C:\adb;C:\MinGW\bin;C:\MinGW\libexec\gcc\mingw32\6.3.0;C:\WINDOWS\System32\OpenSSH\;C:\Program Files (x86)\sbt\bin;C:\Program Files\apache-maven-3.5.4\bin;C:\Program Files\Java\jdk1.8.0_144\bin\;C:\Program Files\nodejs\;C:\Program Files (x86)\sbt\lib\local-preloaded\org.scala-lang\scala-compiler\2.12.6;C:\Program Files\Git;C:\ProgramData\Anaconda3\Scripts;C:\ProgramData\Anaconda3\;C:\Program Files (x86)\NVIDIA Corporation\PhysX\Common;C:\Program Files (x86)\Microsoft Visual Studio\2017\Professional\VC\Tools\MSVC\14.16.27023\bin\Hostx64\x86;C:\Program Files (x86)\Microsoft Visual Studio\2017\Professional\VC\Tools\MSVC\14.16.27023\bin\Hostx64\x64;C:\Program Files\NVIDIA Corporation\NVIDIA NvDLISR;C:\Program Files\NVIDIA GPU Computing Toolkit\CUDA\v10.0\lib\x64;C:\WINDOWS;C:\WINDOWS\system32;C:\WINDOWS;C:\WINDOWS\System32\Wbem;C:\WINDOWS\System32\WindowsPowerShell\v1.0\;C:\WINDOWS\System32\OpenSSH\;C:\Program Files (x86)\Intel\Intel(R) Management Engine Components\DAL;C:\Program Files\Intel\Intel(R) Management Engine Components\DAL;C:\Program Files\Intel\WiFi\bin\;C:\Program Files\Common Files\Intel\WirelessCommon\;C:\WINDOWS\system32\config\systemprofile\AppData\Local\Microsoft\WindowsApps;;C:\Program Files\Process Lasso\;C:\ProgramData\Anaconda3\condabin;C:\Program Files\NVIDIA GPU Computing Toolkit\CUDA\v10.0\bin;C:\Program Files\NVIDIA GPU Computing Toolkit\CUDA\v10.0\libnvvp;C:\Program Files\Docker\Docker\Resources\bin;C:\Program Files (x86)\Common Files\Oracle\Java\javapath;C:\ProgramData\Oracle\Java\javapath;C:\WINDOWS\system32;C:\WINDOWS\System32\Wbem;C:\WINDOWS\System32\WindowsPowerShell\v1.0\;C:\Program Files\MacType;C:\winrun;C:\adb;C:\MinGW\bin;C:\MinGW\libexec\gcc\mingw32\6.3.0;C:\WINDOWS\System32\OpenSSH\;C:\Program Files (x86)\sbt\bin;C:\Program Files\apache-maven-3.5.4\bin;C:\Program Files\Java\jdk1.8.0_144\bin\;C:\Program Files\nodejs\;C:\Program Files (x86)\sbt\lib\local-preloaded\org.scala-lang\scala-compiler\2.12.6;C:\Program Files\Git;C:\ProgramData\Anaconda3\Scripts;C:\ProgramData\Anaconda3\;C:\Program Files\Intel\WiFi\bin\;C:\Program Files\Common Files\Intel\WirelessCommon\;C:\Program Files (x86)\Intel\Intel(R) Management Engine Components\DAL;C:\Program Files\Intel\Intel(R) Management Engine Components\DAL;C:\Users\xiede\AppData\Local\Microsoft\WindowsApps;;C:\Users\xiede\AppData\Local\Programs\Microsoft VS Code\bin
#$ PATH=C:\Program Files (x86)\Microsoft Visual Studio\2017\Professional\VC\Tools\MSVC\14.16.27023\bin\Hostx64\x86;C:\Program Files (x86)\Microsoft Visual Studio\2017\Professional\VC\Tools\MSVC\14.16.27023\bin\HostX64\x64;C:\Program Files (x86)\Microsoft Visual Studio\2017\Professional\Common7\IDE\VC\VCPackages;C:\Program Files (x86)\Microsoft Visual Studio\2017\Professional\Common7\IDE\CommonExtensions\Microsoft\TestWindow;C:\Program Files (x86)\Microsoft Visual Studio\2017\Professional\Common7\IDE\CommonExtensions\Microsoft\TeamFoundation\Team Explorer;C:\Program Files (x86)\Microsoft Visual Studio\2017\Professional\MSBuild\15.0\bin\Roslyn;C:\Program Files (x86)\Microsoft Visual Studio\2017\Professional\Team Tools\Performance Tools\x64;C:\Program Files (x86)\Microsoft Visual Studio\2017\Professional\Team Tools\Performance Tools;C:\Program Files (x86)\Microsoft Visual Studio\Shared\Common\VSPerfCollectionTools\\x64;C:\Program Files (x86)\Microsoft Visual Studio\Shared\Common\VSPerfCollectionTools\;C:\Program Files (x86)\Microsoft SDKs\Windows\v10.0A\bin\NETFX 4.6.1 Tools\x64\;C:\Program Files (x86)\Microsoft Visual Studio\2017\Professional\\MSBuild\15.0\bin;C:\Windows\Microsoft.NET\Framework64\v4.0.30319;C:\Program Files (x86)\Microsoft Visual Studio\2017\Professional\Common7\IDE\;C:\Program Files (x86)\Microsoft Visual Studio\2017\Professional\Common7\Tools\;C:\ProgramData\Anaconda3\condabin;C:\MinGW\bin;C:\Program Files (x86)\Razer Chroma SDK\bin;C:\Program Files\Razer Chroma SDK\bin;C:\Program Files (x86)\Razer\ChromaBroadcast\bin;C:\Program Files\Razer\ChromaBroadcast\bin;C:\ProgramData\DockerDesktop\version-bin;C:\Program Files\Docker\Docker\Resources\bin;C:\ProgramData\Anaconda3\condabin;C:\Program Files\NVIDIA GPU Computing Toolkit\CUDA\v10.0\bin;C:\Program Files\NVIDIA GPU Computing Toolkit\CUDA\v10.0\libnvvp;C:\Program Files (x86)\Common Files\Oracle\Java\javapath;C:\ProgramData\Oracle\Java\javapath;C:\WINDOWS\system32;C:\WINDOWS\System32\Wbem;C:\WINDOWS\System32\WindowsPowerShell\v1.0\;C:\Program Files\MacType;C:\winrun;C:\adb;C:\MinGW\bin;C:\MinGW\libexec\gcc\mingw32\6.3.0;C:\WINDOWS\System32\OpenSSH\;C:\Program Files (x86)\sbt\bin;C:\Program Files\apache-maven-3.5.4\bin;C:\Program Files\Java\jdk1.8.0_144\bin\;C:\Program Files\nodejs\;C:\Program Files (x86)\sbt\lib\local-preloaded\org.scala-lang\scala-compiler\2.12.6;C:\Program Files\Git;C:\ProgramData\Anaconda3\Scripts;C:\ProgramData\Anaconda3\;C:\Program Files (x86)\NVIDIA Corporation\PhysX\Common;C:\Program Files (x86)\Microsoft Visual Studio\2017\Professional\VC\Tools\MSVC\14.16.27023\bin\Hostx64\x86;C:\Program Files (x86)\Microsoft Visual Studio\2017\Professional\VC\Tools\MSVC\14.16.27023\bin\Hostx64\x64;C:\Program Files\NVIDIA Corporation\NVIDIA NvDLISR;C:\Program Files\NVIDIA GPU Computing Toolkit\CUDA\v10.0\lib\x64;C:\WINDOWS;C:\WINDOWS\system32;C:\WINDOWS;C:\WINDOWS\System32\Wbem;C:\WINDOWS\System32\WindowsPowerShell\v1.0\;C:\WINDOWS\System32\OpenSSH\;C:\Program Files (x86)\Intel\Intel(R) Management Engine Components\DAL;C:\Program Files\Intel\Intel(R) Management Engine Components\DAL;C:\Program Files\Intel\WiFi\bin\;C:\Program Files\Common Files\Intel\WirelessCommon\;C:\WINDOWS\system32\config\systemprofile\AppData\Local\Microsoft\WindowsApps;;C:\Program Files\Process Lasso\;C:\ProgramData\Anaconda3\condabin;C:\Program Files\NVIDIA GPU Computing Toolkit\CUDA\v10.0\bin;C:\Program Files\NVIDIA GPU Computing Toolkit\CUDA\v10.0\libnvvp;C:\Program Files\Docker\Docker\Resources\bin;C:\Program Files (x86)\Common Files\Oracle\Java\javapath;C:\ProgramData\Oracle\Java\javapath;C:\WINDOWS\system32;C:\WINDOWS\System32\Wbem;C:\WINDOWS\System32\WindowsPowerShell\v1.0\;C:\Program Files\MacType;C:\winrun;C:\adb;C:\MinGW\bin;C:\MinGW\libexec\gcc\mingw32\6.3.0;C:\WINDOWS\System32\OpenSSH\;C:\Program Files (x86)\sbt\bin;C:\Program Files\apache-maven-3.5.4\bin;C:\Program Files\Java\jdk1.8.0_144\bin\;C:\Program Files\nodejs\;C:\Program Files (x86)\sbt\lib\local-preloaded\org.scala-lang\scala-compiler\2.12.6;C:\Program Files\Git;C:\ProgramData\Anaconda3\Scripts;C:\ProgramData\Anaconda3\;C:\Program Files\Intel\WiFi\bin\;C:\Program Files\Common Files\Intel\WirelessCommon\;C:\Program Files (x86)\Intel\Intel(R) Management Engine Components\DAL;C:\Program Files\Intel\Intel(R) Management Engine Components\DAL;C:\Users\xiede\AppData\Local\Microsoft\WindowsApps;;C:\Users\xiede\AppData\Local\Programs\Microsoft VS Code\bin;C:\Program Files (x86)\Microsoft Visual Studio\2017\Professional\Common7\IDE\CommonExtensions\Microsoft\CMake\CMake\bin;C:\Program Files (x86)\Microsoft Visual Studio\2017\Professional\Common7\IDE\CommonExtensions\Microsoft\CMake\Ninja
#$ _SPACE_= 
#$ _CUDART_=cudart
#$ _HERE_=C:/Program Files/NVIDIA GPU Computing Toolkit/CUDA/v10.0/bin
#$ _THERE_=C:/Program Files/NVIDIA GPU Computing Toolkit/CUDA/v10.0/bin
#$ _TARGET_SIZE_=
#$ _TARGET_DIR_=
#$ _TARGET_SIZE_=64
#$ _WIN_PLATFORM_=x64
#$ TOP=C:/Program Files/NVIDIA GPU Computing Toolkit/CUDA/v10.0/bin/..
#$ NVVMIR_LIBRARY_DIR=C:/Program Files/NVIDIA GPU Computing Toolkit/CUDA/v10.0/bin/../nvvm/libdevice
#$ PATH=C:/Program Files/NVIDIA GPU Computing Toolkit/CUDA/v10.0/bin/../nvvm/bin;C:/Program Files/NVIDIA GPU Computing Toolkit/CUDA/v10.0/bin;C:/Program Files/NVIDIA GPU Computing Toolkit/CUDA/v10.0/bin/../lib;C:\Program Files (x86)\Microsoft Visual Studio\2017\Professional\VC\Tools\MSVC\14.16.27023\bin\Hostx64\x86;C:\Program Files (x86)\Microsoft Visual Studio\2017\Professional\VC\Tools\MSVC\14.16.27023\bin\HostX64\x64;C:\Program Files (x86)\Microsoft Visual Studio\2017\Professional\Common7\IDE\VC\VCPackages;C:\Program Files (x86)\Microsoft Visual Studio\2017\Professional\Common7\IDE\CommonExtensions\Microsoft\TestWindow;C:\Program Files (x86)\Microsoft Visual Studio\2017\Professional\Common7\IDE\CommonExtensions\Microsoft\TeamFoundation\Team Explorer;C:\Program Files (x86)\Microsoft Visual Studio\2017\Professional\MSBuild\15.0\bin\Roslyn;C:\Program Files (x86)\Microsoft Visual Studio\2017\Professional\Team Tools\Performance Tools\x64;C:\Program Files (x86)\Microsoft Visual Studio\2017\Professional\Team Tools\Performance Tools;C:\Program Files (x86)\Microsoft Visual Studio\Shared\Common\VSPerfCollectionTools\\x64;C:\Program Files (x86)\Microsoft Visual Studio\Shared\Common\VSPerfCollectionTools\;C:\Program Files (x86)\Microsoft SDKs\Windows\v10.0A\bin\NETFX 4.6.1 Tools\x64\;C:\Program Files (x86)\Microsoft Visual Studio\2017\Professional\\MSBuild\15.0\bin;C:\Windows\Microsoft.NET\Framework64\v4.0.30319;C:\Program Files (x86)\Microsoft Visual Studio\2017\Professional\Common7\IDE\;C:\Program Files (x86)\Microsoft Visual Studio\2017\Professional\Common7\Tools\;C:\ProgramData\Anaconda3\condabin;C:\MinGW\bin;C:\Program Files (x86)\Razer Chroma SDK\bin;C:\Program Files\Razer Chroma SDK\bin;C:\Program Files (x86)\Razer\ChromaBroadcast\bin;C:\Program Files\Razer\ChromaBroadcast\bin;C:\ProgramData\DockerDesktop\version-bin;C:\Program Files\Docker\Docker\Resources\bin;C:\ProgramData\Anaconda3\condabin;C:\Program Files\NVIDIA GPU Computing Toolkit\CUDA\v10.0\bin;C:\Program Files\NVIDIA GPU Computing Toolkit\CUDA\v10.0\libnvvp;C:\Program Files (x86)\Common Files\Oracle\Java\javapath;C:\ProgramData\Oracle\Java\javapath;C:\WINDOWS\system32;C:\WINDOWS\System32\Wbem;C:\WINDOWS\System32\WindowsPowerShell\v1.0\;C:\Program Files\MacType;C:\winrun;C:\adb;C:\MinGW\bin;C:\MinGW\libexec\gcc\mingw32\6.3.0;C:\WINDOWS\System32\OpenSSH\;C:\Program Files (x86)\sbt\bin;C:\Program Files\apache-maven-3.5.4\bin;C:\Program Files\Java\jdk1.8.0_144\bin\;C:\Program Files\nodejs\;C:\Program Files (x86)\sbt\lib\local-preloaded\org.scala-lang\scala-compiler\2.12.6;C:\Program Files\Git;C:\ProgramData\Anaconda3\Scripts;C:\ProgramData\Anaconda3\;C:\Program Files (x86)\NVIDIA Corporation\PhysX\Common;C:\Program Files (x86)\Microsoft Visual Studio\2017\Professional\VC\Tools\MSVC\14.16.27023\bin\Hostx64\x86;C:\Program Files (x86)\Microsoft Visual Studio\2017\Professional\VC\Tools\MSVC\14.16.27023\bin\Hostx64\x64;C:\Program Files\NVIDIA Corporation\NVIDIA NvDLISR;C:\Program Files\NVIDIA GPU Computing Toolkit\CUDA\v10.0\lib\x64;C:\WINDOWS;C:\WINDOWS\system32;C:\WINDOWS;C:\WINDOWS\System32\Wbem;C:\WINDOWS\System32\WindowsPowerShell\v1.0\;C:\WINDOWS\System32\OpenSSH\;C:\Program Files (x86)\Intel\Intel(R) Management Engine Components\DAL;C:\Program Files\Intel\Intel(R) Management Engine Components\DAL;C:\Program Files\Intel\WiFi\bin\;C:\Program Files\Common Files\Intel\WirelessCommon\;C:\WINDOWS\system32\config\systemprofile\AppData\Local\Microsoft\WindowsApps;;C:\Program Files\Process Lasso\;C:\ProgramData\Anaconda3\condabin;C:\Program Files\NVIDIA GPU Computing Toolkit\CUDA\v10.0\bin;C:\Program Files\NVIDIA GPU Computing Toolkit\CUDA\v10.0\libnvvp;C:\Program Files\Docker\Docker\Resources\bin;C:\Program Files (x86)\Common Files\Oracle\Java\javapath;C:\ProgramData\Oracle\Java\javapath;C:\WINDOWS\system32;C:\WINDOWS\System32\Wbem;C:\WINDOWS\System32\WindowsPowerShell\v1.0\;C:\Program Files\MacType;C:\winrun;C:\adb;C:\MinGW\bin;C:\MinGW\libexec\gcc\mingw32\6.3.0;C:\WINDOWS\System32\OpenSSH\;C:\Program Files (x86)\sbt\bin;C:\Program Files\apache-maven-3.5.4\bin;C:\Program Files\Java\jdk1.8.0_144\bin\;C:\Program Files\nodejs\;C:\Program Files (x86)\sbt\lib\local-preloaded\org.scala-lang\scala-compiler\2.12.6;C:\Program Files\Git;C:\ProgramData\Anaconda3\Scripts;C:\ProgramData\Anaconda3\;C:\Program Files\Intel\WiFi\bin\;C:\Program Files\Common Files\Intel\WirelessCommon\;C:\Program Files (x86)\Intel\Intel(R) Management Engine Components\DAL;C:\Program Files\Intel\Intel(R) Management Engine Components\DAL;C:\Users\xiede\AppData\Local\Microsoft\WindowsApps;;C:\Users\xiede\AppData\Local\Programs\Microsoft VS Code\bin;C:\Program Files (x86)\Microsoft Visual Studio\2017\Professional\Common7\IDE\CommonExtensions\Microsoft\CMake\CMake\bin;C:\Program Files (x86)\Microsoft Visual Studio\2017\Professional\Common7\IDE\CommonExtensions\Microsoft\CMake\Ninja
#$ INCLUDES="-IC:/Program Files/NVIDIA GPU Computing Toolkit/CUDA/v10.0/bin/../include"  
#$ LIBRARIES=  "/LIBPATH:C:/Program Files/NVIDIA GPU Computing Toolkit/CUDA/v10.0/bin/../lib/x64"
#$ CUDAFE_FLAGS=
#$ PTXAS_FLAGS=
#$ erase tmp/a_dlink.reg.c
CMakeCUDACompilerId.cu
#$ cl.exe @"tmp/CMakeCUDACompilerId.cpp1.ii.res" > "tmp/CMakeCUDACompilerId.cpp1.ii" 
CMakeCUDACompilerId.cu
C:\Program Files (x86)\Microsoft Visual Studio\2017\Professional\VC\Tools\MSVC\14.16.27023\include\crtdefs.h(10): fatal error C1083: Cannot open include file: 'corecrt.h': No such file or directory
# --error 0x2 --


Compiling the CUDA compiler identification source file "CMakeCUDACompilerId.cu" failed.
Compiler: C:/Program Files/NVIDIA GPU Computing Toolkit/CUDA/v10.0/bin/nvcc.exe 
Build flags: 
Id flags:  -v;--keep;--keep-dir;tmp

The output was:
2

C:\zong\Lehigh\Study\e2019Fall\281\ubuntu\memcached-uhm\cmake-build-debug\CMakeFiles\3.15.3\CompilerIdCUDA>call "C:/Program Files (x86)/Microsoft Visual Studio/2017/Professional/VC/Tools/MSVC/14.16.27023/bin/Hostx64/x86/../../../../../../../VC/Auxiliary/Build/vcvars64.bat" 
**********************************************************************
** Visual Studio 2017 Developer Command Prompt v15.9.11
** Copyright (c) 2017 Microsoft Corporation
**********************************************************************
[vcvarsall.bat] Environment initialized for: 'x64'
#$ C:/Program Files (x86)/Microsoft Visual Studio/2017/Professional/VC/Tools/MSVC/14.16.27023/bin/Hostx64/x86/../../../../../../../VC/Auxiliary/Build/vcvars64.bat
#$ ALLUSERSPROFILE=C:\ProgramData
#$ APPDATA=C:\Users\xiede\AppData\Roaming
#$ AV_APPDATA=C:\Users\xiede\AppData\Roaming
#$ CLion=C:\Program Files\JetBrains\CLion 2018.3.4\bin;
#$ CLION_IDE=TRUE
#$ CommandPromptType=Native
#$ CommonProgramFiles=C:\Program Files\Common Files
#$ CommonProgramFiles(x86)=C:\Program Files (x86)\Common Files
#$ CommonProgramW6432=C:\Program Files\Common Files
#$ COMPUTERNAME=THINKPADX1Y2
#$ ComSpec=C:\WINDOWS\system32\cmd.exe
#$ CONDA_BAT=C:\ProgramData\Anaconda3\condabin\conda.bat
#$ CONDA_EXE=C:\ProgramData\Anaconda3\Scripts\conda.exe
#$ CONDA_SHLVL=0
#$ configsetroot=C:\WINDOWS\ConfigSetRoot
#$ CUDA_PATH_V10_0=C:\Program Files\NVIDIA GPU Computing Toolkit\CUDA\v10.0
#$ CXX=C:/MinGW/bin/g++.exe
#$ DevEnvDir=C:\Program Files (x86)\Microsoft Visual Studio\2017\Professional\Common7\IDE\
#$ DriverData=C:\Windows\System32\Drivers\DriverData
#$ FPS_BROWSER_APP_PROFILE_STRING=Internet Explorer
#$ FPS_BROWSER_USER_PROFILE_STRING=Default
#$ Framework40Version=v4.0
#$ FrameworkDir=C:\Windows\Microsoft.NET\Framework64\
#$ FrameworkDir64=C:\Windows\Microsoft.NET\Framework64\
#$ FrameworkVersion=v4.0.30319
#$ FrameworkVersion64=v4.0.30319
#$ HOMEDRIVE=C:
#$ HOMEPATH=\Users\xiede
#$ IDEA_INITIAL_DIRECTORY=C:\Users\xiede
#$ INCLUDE=C:\Program Files (x86)\Microsoft Visual Studio\2017\Professional\VC\Tools\MSVC\14.16.27023\include;C:\Program Files (x86)\Windows Kits\NETFXSDK\4.6.1\include\um;
#$ JAVA_HOME=C:\Program Files\Java\jdk1.8.0_144
#$ JETBRAINS_IDE=TRUE
#$ LIB=C:\Program Files (x86)\Microsoft Visual Studio\2017\Professional\VC\Tools\MSVC\14.16.27023\lib\x64;C:\Program Files (x86)\Windows Kits\NETFXSDK\4.6.1\lib\um\x64;
#$ LIBPATH=C:\Program Files (x86)\Microsoft Visual Studio\2017\Professional\VC\Tools\MSVC\14.16.27023\lib\x64;C:\Program Files (x86)\Microsoft Visual Studio\2017\Professional\VC\Tools\MSVC\14.16.27023\lib\x86\store\references;C:\Windows\Microsoft.NET\Framework64\v4.0.30319;
#$ LNKEVN=C:\Program Files (x86)\Internet Explorer\iexplore.exe
#$ LOCALAPPDATA=C:\Users\xiede\AppData\Local
#$ LOGONSERVER=\\THINKPADX1Y2
#$ MACTYPE_X64ADDR=140707128730864
#$ NETFXSDKDir=C:\Program Files (x86)\Windows Kits\NETFXSDK\4.6.1\
#$ NUMBER_OF_PROCESSORS=4
#$ NVCUDASAMPLES10_0_ROOT=C:\ProgramData\NVIDIA Corporation\CUDA Samples\v10.0
#$ NVCUDASAMPLES10_1_ROOT=C:\ProgramData\NVIDIA Corporation\CUDA Samples\v10.1
#$ NVTOOLSEXT_PATH=C:\Program Files\NVIDIA Corporation\NvToolsExt\
#$ OneDrive=C:\Users\xiede\OneDrive
#$ OneDriveConsumer=C:\Users\xiede\OneDrive
#$ OS=Windows_NT
#$ PATH=C:\Program Files (x86)\Microsoft Visual Studio\2017\Professional\VC\Tools\MSVC\14.16.27023\bin\HostX64\x64;C:\Program Files (x86)\Microsoft Visual Studio\2017\Professional\Common7\IDE\VC\VCPackages;C:\Program Files (x86)\Microsoft Visual Studio\2017\Professional\Common7\IDE\CommonExtensions\Microsoft\TestWindow;C:\Program Files (x86)\Microsoft Visual Studio\2017\Professional\Common7\IDE\CommonExtensions\Microsoft\TeamFoundation\Team Explorer;C:\Program Files (x86)\Microsoft Visual Studio\2017\Professional\MSBuild\15.0\bin\Roslyn;C:\Program Files (x86)\Microsoft Visual Studio\2017\Professional\Team Tools\Performance Tools\x64;C:\Program Files (x86)\Microsoft Visual Studio\2017\Professional\Team Tools\Performance Tools;C:\Program Files (x86)\Microsoft Visual Studio\Shared\Common\VSPerfCollectionTools\\x64;C:\Program Files (x86)\Microsoft Visual Studio\Shared\Common\VSPerfCollectionTools\;C:\Program Files (x86)\Microsoft SDKs\Windows\v10.0A\bin\NETFX 4.6.1 Tools\x64\;C:\Program Files (x86)\Microsoft Visual Studio\2017\Professional\\MSBuild\15.0\bin;C:\Windows\Microsoft.NET\Framework64\v4.0.30319;C:\Program Files (x86)\Microsoft Visual Studio\2017\Professional\Common7\IDE\;C:\Program Files (x86)\Microsoft Visual Studio\2017\Professional\Common7\Tools\;C:\ProgramData\Anaconda3\condabin;C:\MinGW\bin;C:\Program Files (x86)\Razer Chroma SDK\bin;C:\Program Files\Razer Chroma SDK\bin;C:\Program Files (x86)\Razer\ChromaBroadcast\bin;C:\Program Files\Razer\ChromaBroadcast\bin;C:\ProgramData\DockerDesktop\version-bin;C:\Program Files\Docker\Docker\Resources\bin;C:\ProgramData\Anaconda3\condabin;C:\Program Files\NVIDIA GPU Computing Toolkit\CUDA\v10.0\bin;C:\Program Files\NVIDIA GPU Computing Toolkit\CUDA\v10.0\libnvvp;C:\Program Files (x86)\Common Files\Oracle\Java\javapath;C:\ProgramData\Oracle\Java\javapath;C:\WINDOWS\system32;C:\WINDOWS\System32\Wbem;C:\WINDOWS\System32\WindowsPowerShell\v1.0\;C:\Program Files\MacType;C:\winrun;C:\adb;C:\MinGW\bin;C:\MinGW\libexec\gcc\mingw32\6.3.0;C:\WINDOWS\System32\OpenSSH\;C:\Program Files (x86)\sbt\bin;C:\Program Files\apache-maven-3.5.4\bin;C:\Program Files\Java\jdk1.8.0_144\bin\;C:\Program Files\nodejs\;C:\Program Files (x86)\sbt\lib\local-preloaded\org.scala-lang\scala-compiler\2.12.6;C:\Program Files\Git;C:\ProgramData\Anaconda3\Scripts;C:\ProgramData\Anaconda3\;C:\Program Files (x86)\NVIDIA Corporation\PhysX\Common;C:\Program Files (x86)\Microsoft Visual Studio\2017\Professional\VC\Tools\MSVC\14.16.27023\bin\Hostx64\x86;C:\Program Files (x86)\Microsoft Visual Studio\2017\Professional\VC\Tools\MSVC\14.16.27023\bin\Hostx64\x64;C:\Program Files\NVIDIA Corporation\NVIDIA NvDLISR;C:\Program Files\NVIDIA GPU Computing Toolkit\CUDA\v10.0\lib\x64;C:\WINDOWS;C:\WINDOWS\system32;C:\WINDOWS;C:\WINDOWS\System32\Wbem;C:\WINDOWS\System32\WindowsPowerShell\v1.0\;C:\WINDOWS\System32\OpenSSH\;C:\Program Files (x86)\Intel\Intel(R) Management Engine Components\DAL;C:\Program Files\Intel\Intel(R) Management Engine Components\DAL;C:\Program Files\Intel\WiFi\bin\;C:\Program Files\Common Files\Intel\WirelessCommon\;C:\WINDOWS\system32\config\systemprofile\AppData\Local\Microsoft\WindowsApps;;C:\Program Files\Process Lasso\;C:\ProgramData\Anaconda3\condabin;C:\Program Files\NVIDIA GPU Computing Toolkit\CUDA\v10.0\bin;C:\Program Files\NVIDIA GPU Computing Toolkit\CUDA\v10.0\libnvvp;C:\Program Files\Docker\Docker\Resources\bin;C:\Program Files (x86)\Common Files\Oracle\Java\javapath;C:\ProgramData\Oracle\Java\javapath;C:\WINDOWS\system32;C:\WINDOWS\System32\Wbem;C:\WINDOWS\System32\WindowsPowerShell\v1.0\;C:\Program Files\MacType;C:\winrun;C:\adb;C:\MinGW\bin;C:\MinGW\libexec\gcc\mingw32\6.3.0;C:\WINDOWS\System32\OpenSSH\;C:\Program Files (x86)\sbt\bin;C:\Program Files\apache-maven-3.5.4\bin;C:\Program Files\Java\jdk1.8.0_144\bin\;C:\Program Files\nodejs\;C:\Program Files (x86)\sbt\lib\local-preloaded\org.scala-lang\scala-compiler\2.12.6;C:\Program Files\Git;C:\ProgramData\Anaconda3\Scripts;C:\ProgramData\Anaconda3\;C:\Program Files\Intel\WiFi\bin\;C:\Program Files\Common Files\Intel\WirelessCommon\;C:\Program Files (x86)\Intel\Intel(R) Management Engine Components\DAL;C:\Program Files\Intel\Intel(R) Management Engine Components\DAL;C:\Users\xiede\AppData\Local\Microsoft\WindowsApps;;C:\Users\xiede\AppData\Local\Programs\Microsoft VS Code\bin;C:\Program Files (x86)\Microsoft Visual Studio\2017\Professional\Common7\IDE\CommonExtensions\Microsoft\CMake\CMake\bin;C:\Program Files (x86)\Microsoft Visual Studio\2017\Professional\Common7\IDE\CommonExtensions\Microsoft\CMake\Ninja
#$ PATHEXT=.COM;.EXE;.BAT;.CMD;.VBS;.VBE;.JS;.JSE;.WSF;.WSH;.MSC
#$ Platform=x64
#$ PROCESSOR_ARCHITECTURE=AMD64
#$ PROCESSOR_IDENTIFIER=Intel64 Family 6 Model 142 Stepping 9, GenuineIntel
#$ PROCESSOR_LEVEL=6
#$ PROCESSOR_REVISION=8e09
#$ ProgramData=C:\ProgramData
#$ ProgramFiles=C:\Program Files
#$ ProgramFiles(x86)=C:\Program Files (x86)
#$ ProgramW6432=C:\Program Files
#$ PROMPT=$P$G
#$ PSModulePath=C:\Program Files\WindowsPowerShell\Modules;C:\WINDOWS\system32\WindowsPowerShell\v1.0\Modules
#$ PUBLIC=C:\Users\Public
#$ SBT_HOME=C:\Program Files (x86)\sbt\
#$ SESSIONNAME=Console
#$ SystemDrive=C:
#$ SystemRoot=C:\WINDOWS
#$ UniversalCRTSdkDir=C:\Program Files (x86)\Windows Kits\10\
#$ USERDOMAIN=THINKPADX1Y2
#$ USERDOMAIN_ROAMINGPROFILE=THINKPADX1Y2
#$ USERNAME=xiede
#$ USERPROFILE=C:\Users\xiede
#$ VCIDEInstallDir=C:\Program Files (x86)\Microsoft Visual Studio\2017\Professional\Common7\IDE\VC\
#$ VCINSTALLDIR=C:\Program Files (x86)\Microsoft Visual Studio\2017\Professional\VC\
#$ VCToolsInstallDir=C:\Program Files (x86)\Microsoft Visual Studio\2017\Professional\VC\Tools\MSVC\14.16.27023\
#$ VCToolsRedistDir=C:\Program Files (x86)\Microsoft Visual Studio\2017\Professional\VC\Redist\MSVC\14.16.27012\
#$ VCToolsVersion=14.16.27023
#$ VisualStudioVersion=15.0
#$ VS140COMNTOOLS=C:\Program Files (x86)\Microsoft Visual Studio 14.0\Common7\Tools\
#$ VS150COMNTOOLS=C:\Program Files (x86)\Microsoft Visual Studio\2017\Professional\Common7\Tools\
#$ VSCMD_ARG_app_plat=Desktop
#$ VSCMD_ARG_HOST_ARCH=x64
#$ VSCMD_ARG_TGT_ARCH=x64
#$ VSCMD_VER=15.9.11
#$ vsconsoleoutput=1
#$ VSINSTALLDIR=C:\Program Files (x86)\Microsoft Visual Studio\2017\Professional\
#$ VSSDK150INSTALL=C:\Program Files (x86)\Microsoft Visual Studio\2017\Professional\VSSDK
#$ WebStorm=C:\Program Files\JetBrains\WebStorm 2019.1.2\bin;
#$ windir=C:\Windows
#$ WindowsLibPath=References\CommonConfiguration\Neutral
#$ WindowsSDKLibVersion=winv6.3\
#$ WindowsSDKVersion=\
#$ WindowsSDK_ExecutablePath_x64=C:\Program Files (x86)\Microsoft SDKs\Windows\v10.0A\bin\NETFX 4.6.1 Tools\x64\
#$ WindowsSDK_ExecutablePath_x86=C:\Program Files (x86)\Microsoft SDKs\Windows\v10.0A\bin\NETFX 4.6.1 Tools\
#$ WIN_DIR=C:\Windows
#$ __DOTNET_ADD_64BIT=1
#$ __DOTNET_PREFERRED_BITNESS=64
#$ __VSCMD_PREINIT_PATH=C:\ProgramData\Anaconda3\condabin;C:\MinGW\bin;C:\Program Files (x86)\Razer Chroma SDK\bin;C:\Program Files\Razer Chroma SDK\bin;C:\Program Files (x86)\Razer\ChromaBroadcast\bin;C:\Program Files\Razer\ChromaBroadcast\bin;C:\ProgramData\DockerDesktop\version-bin;C:\Program Files\Docker\Docker\Resources\bin;C:\ProgramData\Anaconda3\condabin;C:\Program Files\NVIDIA GPU Computing Toolkit\CUDA\v10.0\bin;C:\Program Files\NVIDIA GPU Computing Toolkit\CUDA\v10.0\libnvvp;C:\Program Files (x86)\Common Files\Oracle\Java\javapath;C:\ProgramData\Oracle\Java\javapath;C:\WINDOWS\system32;C:\WINDOWS\System32\Wbem;C:\WINDOWS\System32\WindowsPowerShell\v1.0\;C:\Program Files\MacType;C:\winrun;C:\adb;C:\MinGW\bin;C:\MinGW\libexec\gcc\mingw32\6.3.0;C:\WINDOWS\System32\OpenSSH\;C:\Program Files (x86)\sbt\bin;C:\Program Files\apache-maven-3.5.4\bin;C:\Program Files\Java\jdk1.8.0_144\bin\;C:\Program Files\nodejs\;C:\Program Files (x86)\sbt\lib\local-preloaded\org.scala-lang\scala-compiler\2.12.6;C:\Program Files\Git;C:\ProgramData\Anaconda3\Scripts;C:\ProgramData\Anaconda3\;C:\Program Files (x86)\NVIDIA Corporation\PhysX\Common;C:\Program Files (x86)\Microsoft Visual Studio\2017\Professional\VC\Tools\MSVC\14.16.27023\bin\Hostx64\x86;C:\Program Files (x86)\Microsoft Visual Studio\2017\Professional\VC\Tools\MSVC\14.16.27023\bin\Hostx64\x64;C:\Program Files\NVIDIA Corporation\NVIDIA NvDLISR;C:\Program Files\NVIDIA GPU Computing Toolkit\CUDA\v10.0\lib\x64;C:\WINDOWS;C:\WINDOWS\system32;C:\WINDOWS;C:\WINDOWS\System32\Wbem;C:\WINDOWS\System32\WindowsPowerShell\v1.0\;C:\WINDOWS\System32\OpenSSH\;C:\Program Files (x86)\Intel\Intel(R) Management Engine Components\DAL;C:\Program Files\Intel\Intel(R) Management Engine Components\DAL;C:\Program Files\Intel\WiFi\bin\;C:\Program Files\Common Files\Intel\WirelessCommon\;C:\WINDOWS\system32\config\systemprofile\AppData\Local\Microsoft\WindowsApps;;C:\Program Files\Process Lasso\;C:\ProgramData\Anaconda3\condabin;C:\Program Files\NVIDIA GPU Computing Toolkit\CUDA\v10.0\bin;C:\Program Files\NVIDIA GPU Computing Toolkit\CUDA\v10.0\libnvvp;C:\Program Files\Docker\Docker\Resources\bin;C:\Program Files (x86)\Common Files\Oracle\Java\javapath;C:\ProgramData\Oracle\Java\javapath;C:\WINDOWS\system32;C:\WINDOWS\System32\Wbem;C:\WINDOWS\System32\WindowsPowerShell\v1.0\;C:\Program Files\MacType;C:\winrun;C:\adb;C:\MinGW\bin;C:\MinGW\libexec\gcc\mingw32\6.3.0;C:\WINDOWS\System32\OpenSSH\;C:\Program Files (x86)\sbt\bin;C:\Program Files\apache-maven-3.5.4\bin;C:\Program Files\Java\jdk1.8.0_144\bin\;C:\Program Files\nodejs\;C:\Program Files (x86)\sbt\lib\local-preloaded\org.scala-lang\scala-compiler\2.12.6;C:\Program Files\Git;C:\ProgramData\Anaconda3\Scripts;C:\ProgramData\Anaconda3\;C:\Program Files\Intel\WiFi\bin\;C:\Program Files\Common Files\Intel\WirelessCommon\;C:\Program Files (x86)\Intel\Intel(R) Management Engine Components\DAL;C:\Program Files\Intel\Intel(R) Management Engine Components\DAL;C:\Users\xiede\AppData\Local\Microsoft\WindowsApps;;C:\Users\xiede\AppData\Local\Programs\Microsoft VS Code\bin
#$ PATH=C:\Program Files (x86)\Microsoft Visual Studio\2017\Professional\VC\Tools\MSVC\14.16.27023\bin\Hostx64\x86;C:\Program Files (x86)\Microsoft Visual Studio\2017\Professional\VC\Tools\MSVC\14.16.27023\bin\HostX64\x64;C:\Program Files (x86)\Microsoft Visual Studio\2017\Professional\Common7\IDE\VC\VCPackages;C:\Program Files (x86)\Microsoft Visual Studio\2017\Professional\Common7\IDE\CommonExtensions\Microsoft\TestWindow;C:\Program Files (x86)\Microsoft Visual Studio\2017\Professional\Common7\IDE\CommonExtensions\Microsoft\TeamFoundation\Team Explorer;C:\Program Files (x86)\Microsoft Visual Studio\2017\Professional\MSBuild\15.0\bin\Roslyn;C:\Program Files (x86)\Microsoft Visual Studio\2017\Professional\Team Tools\Performance Tools\x64;C:\Program Files (x86)\Microsoft Visual Studio\2017\Professional\Team Tools\Performance Tools;C:\Program Files (x86)\Microsoft Visual Studio\Shared\Common\VSPerfCollectionTools\\x64;C:\Program Files (x86)\Microsoft Visual Studio\Shared\Common\VSPerfCollectionTools\;C:\Program Files (x86)\Microsoft SDKs\Windows\v10.0A\bin\NETFX 4.6.1 Tools\x64\;C:\Program Files (x86)\Microsoft Visual Studio\2017\Professional\\MSBuild\15.0\bin;C:\Windows\Microsoft.NET\Framework64\v4.0.30319;C:\Program Files (x86)\Microsoft Visual Studio\2017\Professional\Common7\IDE\;C:\Program Files (x86)\Microsoft Visual Studio\2017\Professional\Common7\Tools\;C:\ProgramData\Anaconda3\condabin;C:\MinGW\bin;C:\Program Files (x86)\Razer Chroma SDK\bin;C:\Program Files\Razer Chroma SDK\bin;C:\Program Files (x86)\Razer\ChromaBroadcast\bin;C:\Program Files\Razer\ChromaBroadcast\bin;C:\ProgramData\DockerDesktop\version-bin;C:\Program Files\Docker\Docker\Resources\bin;C:\ProgramData\Anaconda3\condabin;C:\Program Files\NVIDIA GPU Computing Toolkit\CUDA\v10.0\bin;C:\Program Files\NVIDIA GPU Computing Toolkit\CUDA\v10.0\libnvvp;C:\Program Files (x86)\Common Files\Oracle\Java\javapath;C:\ProgramData\Oracle\Java\javapath;C:\WINDOWS\system32;C:\WINDOWS\System32\Wbem;C:\WINDOWS\System32\WindowsPowerShell\v1.0\;C:\Program Files\MacType;C:\winrun;C:\adb;C:\MinGW\bin;C:\MinGW\libexec\gcc\mingw32\6.3.0;C:\WINDOWS\System32\OpenSSH\;C:\Program Files (x86)\sbt\bin;C:\Program Files\apache-maven-3.5.4\bin;C:\Program Files\Java\jdk1.8.0_144\bin\;C:\Program Files\nodejs\;C:\Program Files (x86)\sbt\lib\local-preloaded\org.scala-lang\scala-compiler\2.12.6;C:\Program Files\Git;C:\ProgramData\Anaconda3\Scripts;C:\ProgramData\Anaconda3\;C:\Program Files (x86)\NVIDIA Corporation\PhysX\Common;C:\Program Files (x86)\Microsoft Visual Studio\2017\Professional\VC\Tools\MSVC\14.16.27023\bin\Hostx64\x86;C:\Program Files (x86)\Microsoft Visual Studio\2017\Professional\VC\Tools\MSVC\14.16.27023\bin\Hostx64\x64;C:\Program Files\NVIDIA Corporation\NVIDIA NvDLISR;C:\Program Files\NVIDIA GPU Computing Toolkit\CUDA\v10.0\lib\x64;C:\WINDOWS;C:\WINDOWS\system32;C:\WINDOWS;C:\WINDOWS\System32\Wbem;C:\WINDOWS\System32\WindowsPowerShell\v1.0\;C:\WINDOWS\System32\OpenSSH\;C:\Program Files (x86)\Intel\Intel(R) Management Engine Components\DAL;C:\Program Files\Intel\Intel(R) Management Engine Components\DAL;C:\Program Files\Intel\WiFi\bin\;C:\Program Files\Common Files\Intel\WirelessCommon\;C:\WINDOWS\system32\config\systemprofile\AppData\Local\Microsoft\WindowsApps;;C:\Program Files\Process Lasso\;C:\ProgramData\Anaconda3\condabin;C:\Program Files\NVIDIA GPU Computing Toolkit\CUDA\v10.0\bin;C:\Program Files\NVIDIA GPU Computing Toolkit\CUDA\v10.0\libnvvp;C:\Program Files\Docker\Docker\Resources\bin;C:\Program Files (x86)\Common Files\Oracle\Java\javapath;C:\ProgramData\Oracle\Java\javapath;C:\WINDOWS\system32;C:\WINDOWS\System32\Wbem;C:\WINDOWS\System32\WindowsPowerShell\v1.0\;C:\Program Files\MacType;C:\winrun;C:\adb;C:\MinGW\bin;C:\MinGW\libexec\gcc\mingw32\6.3.0;C:\WINDOWS\System32\OpenSSH\;C:\Program Files (x86)\sbt\bin;C:\Program Files\apache-maven-3.5.4\bin;C:\Program Files\Java\jdk1.8.0_144\bin\;C:\Program Files\nodejs\;C:\Program Files (x86)\sbt\lib\local-preloaded\org.scala-lang\scala-compiler\2.12.6;C:\Program Files\Git;C:\ProgramData\Anaconda3\Scripts;C:\ProgramData\Anaconda3\;C:\Program Files\Intel\WiFi\bin\;C:\Program Files\Common Files\Intel\WirelessCommon\;C:\Program Files (x86)\Intel\Intel(R) Management Engine Components\DAL;C:\Program Files\Intel\Intel(R) Management Engine Components\DAL;C:\Users\xiede\AppData\Local\Microsoft\WindowsApps;;C:\Users\xiede\AppData\Local\Programs\Microsoft VS Code\bin;C:\Program Files (x86)\Microsoft Visual Studio\2017\Professional\Common7\IDE\CommonExtensions\Microsoft\CMake\CMake\bin;C:\Program Files (x86)\Microsoft Visual Studio\2017\Professional\Common7\IDE\CommonExtensions\Microsoft\CMake\Ninja
#$ _SPACE_= 
#$ _CUDART_=cudart
#$ _HERE_=C:/Program Files/NVIDIA GPU Computing Toolkit/CUDA/v10.0/bin
#$ _THERE_=C:/Program Files/NVIDIA GPU Computing Toolkit/CUDA/v10.0/bin
#$ _TARGET_SIZE_=
#$ _TARGET_DIR_=
#$ _TARGET_SIZE_=64
#$ _WIN_PLATFORM_=x64
#$ TOP=C:/Program Files/NVIDIA GPU Computing Toolkit/CUDA/v10.0/bin/..
#$ NVVMIR_LIBRARY_DIR=C:/Program Files/NVIDIA GPU Computing Toolkit/CUDA/v10.0/bin/../nvvm/libdevice
#$ PATH=C:/Program Files/NVIDIA GPU Computing Toolkit/CUDA/v10.0/bin/../nvvm/bin;C:/Program Files/NVIDIA GPU Computing Toolkit/CUDA/v10.0/bin;C:/Program Files/NVIDIA GPU Computing Toolkit/CUDA/v10.0/bin/../lib;C:\Program Files (x86)\Microsoft Visual Studio\2017\Professional\VC\Tools\MSVC\14.16.27023\bin\Hostx64\x86;C:\Program Files (x86)\Microsoft Visual Studio\2017\Professional\VC\Tools\MSVC\14.16.27023\bin\HostX64\x64;C:\Program Files (x86)\Microsoft Visual Studio\2017\Professional\Common7\IDE\VC\VCPackages;C:\Program Files (x86)\Microsoft Visual Studio\2017\Professional\Common7\IDE\CommonExtensions\Microsoft\TestWindow;C:\Program Files (x86)\Microsoft Visual Studio\2017\Professional\Common7\IDE\CommonExtensions\Microsoft\TeamFoundation\Team Explorer;C:\Program Files (x86)\Microsoft Visual Studio\2017\Professional\MSBuild\15.0\bin\Roslyn;C:\Program Files (x86)\Microsoft Visual Studio\2017\Professional\Team Tools\Performance Tools\x64;C:\Program Files (x86)\Microsoft Visual Studio\2017\Professional\Team Tools\Performance Tools;C:\Program Files (x86)\Microsoft Visual Studio\Shared\Common\VSPerfCollectionTools\\x64;C:\Program Files (x86)\Microsoft Visual Studio\Shared\Common\VSPerfCollectionTools\;C:\Program Files (x86)\Microsoft SDKs\Windows\v10.0A\bin\NETFX 4.6.1 Tools\x64\;C:\Program Files (x86)\Microsoft Visual Studio\2017\Professional\\MSBuild\15.0\bin;C:\Windows\Microsoft.NET\Framework64\v4.0.30319;C:\Program Files (x86)\Microsoft Visual Studio\2017\Professional\Common7\IDE\;C:\Program Files (x86)\Microsoft Visual Studio\2017\Professional\Common7\Tools\;C:\ProgramData\Anaconda3\condabin;C:\MinGW\bin;C:\Program Files (x86)\Razer Chroma SDK\bin;C:\Program Files\Razer Chroma SDK\bin;C:\Program Files (x86)\Razer\ChromaBroadcast\bin;C:\Program Files\Razer\ChromaBroadcast\bin;C:\ProgramData\DockerDesktop\version-bin;C:\Program Files\Docker\Docker\Resources\bin;C:\ProgramData\Anaconda3\condabin;C:\Program Files\NVIDIA GPU Computing Toolkit\CUDA\v10.0\bin;C:\Program Files\NVIDIA GPU Computing Toolkit\CUDA\v10.0\libnvvp;C:\Program Files (x86)\Common Files\Oracle\Java\javapath;C:\ProgramData\Oracle\Java\javapath;C:\WINDOWS\system32;C:\WINDOWS\System32\Wbem;C:\WINDOWS\System32\WindowsPowerShell\v1.0\;C:\Program Files\MacType;C:\winrun;C:\adb;C:\MinGW\bin;C:\MinGW\libexec\gcc\mingw32\6.3.0;C:\WINDOWS\System32\OpenSSH\;C:\Program Files (x86)\sbt\bin;C:\Program Files\apache-maven-3.5.4\bin;C:\Program Files\Java\jdk1.8.0_144\bin\;C:\Program Files\nodejs\;C:\Program Files (x86)\sbt\lib\local-preloaded\org.scala-lang\scala-compiler\2.12.6;C:\Program Files\Git;C:\ProgramData\Anaconda3\Scripts;C:\ProgramData\Anaconda3\;C:\Program Files (x86)\NVIDIA Corporation\PhysX\Common;C:\Program Files (x86)\Microsoft Visual Studio\2017\Professional\VC\Tools\MSVC\14.16.27023\bin\Hostx64\x86;C:\Program Files (x86)\Microsoft Visual Studio\2017\Professional\VC\Tools\MSVC\14.16.27023\bin\Hostx64\x64;C:\Program Files\NVIDIA Corporation\NVIDIA NvDLISR;C:\Program Files\NVIDIA GPU Computing Toolkit\CUDA\v10.0\lib\x64;C:\WINDOWS;C:\WINDOWS\system32;C:\WINDOWS;C:\WINDOWS\System32\Wbem;C:\WINDOWS\System32\WindowsPowerShell\v1.0\;C:\WINDOWS\System32\OpenSSH\;C:\Program Files (x86)\Intel\Intel(R) Management Engine Components\DAL;C:\Program Files\Intel\Intel(R) Management Engine Components\DAL;C:\Program Files\Intel\WiFi\bin\;C:\Program Files\Common Files\Intel\WirelessCommon\;C:\WINDOWS\system32\config\systemprofile\AppData\Local\Microsoft\WindowsApps;;C:\Program Files\Process Lasso\;C:\ProgramData\Anaconda3\condabin;C:\Program Files\NVIDIA GPU Computing Toolkit\CUDA\v10.0\bin;C:\Program Files\NVIDIA GPU Computing Toolkit\CUDA\v10.0\libnvvp;C:\Program Files\Docker\Docker\Resources\bin;C:\Program Files (x86)\Common Files\Oracle\Java\javapath;C:\ProgramData\Oracle\Java\javapath;C:\WINDOWS\system32;C:\WINDOWS\System32\Wbem;C:\WINDOWS\System32\WindowsPowerShell\v1.0\;C:\Program Files\MacType;C:\winrun;C:\adb;C:\MinGW\bin;C:\MinGW\libexec\gcc\mingw32\6.3.0;C:\WINDOWS\System32\OpenSSH\;C:\Program Files (x86)\sbt\bin;C:\Program Files\apache-maven-3.5.4\bin;C:\Program Files\Java\jdk1.8.0_144\bin\;C:\Program Files\nodejs\;C:\Program Files (x86)\sbt\lib\local-preloaded\org.scala-lang\scala-compiler\2.12.6;C:\Program Files\Git;C:\ProgramData\Anaconda3\Scripts;C:\ProgramData\Anaconda3\;C:\Program Files\Intel\WiFi\bin\;C:\Program Files\Common Files\Intel\WirelessCommon\;C:\Program Files (x86)\Intel\Intel(R) Management Engine Components\DAL;C:\Program Files\Intel\Intel(R) Management Engine Components\DAL;C:\Users\xiede\AppData\Local\Microsoft\WindowsApps;;C:\Users\xiede\AppData\Local\Programs\Microsoft VS Code\bin;C:\Program Files (x86)\Microsoft Visual Studio\2017\Professional\Common7\IDE\CommonExtensions\Microsoft\CMake\CMake\bin;C:\Program Files (x86)\Microsoft Visual Studio\2017\Professional\Common7\IDE\CommonExtensions\Microsoft\CMake\Ninja
#$ INCLUDES="-IC:/Program Files/NVIDIA GPU Computing Toolkit/CUDA/v10.0/bin/../include"  
#$ LIBRARIES=  "/LIBPATH:C:/Program Files/NVIDIA GPU Computing Toolkit/CUDA/v10.0/bin/../lib/x64"
#$ CUDAFE_FLAGS=
#$ PTXAS_FLAGS=
#$ erase tmp/a_dlink.reg.c
CMakeCUDACompilerId.cu
#$ cl.exe @"tmp/CMakeCUDACompilerId.cpp1.ii.res" > "tmp/CMakeCUDACompilerId.cpp1.ii" 
CMakeCUDACompilerId.cu
C:\Program Files (x86)\Microsoft Visual Studio\2017\Professional\VC\Tools\MSVC\14.16.27023\include\crtdefs.h(10): fatal error C1083: Cannot open include file: 'corecrt.h': No such file or directory
# --error 0x2 --


Determining if the CUDA compiler works failed with the following output:
Change Dir: C:/zong/Lehigh/Study/e2019Fall/281/ubuntu/memcached-uhm/cmake-build-debug/CMakeFiles/CMakeTmp

Run Build Command(s):C:/MinGW/bin/mingw32-make.exe cmTC_ffc81/fast && C:/MinGW/bin/mingw32-make.exe -f CMakeFiles\cmTC_ffc81.dir\build.make CMakeFiles/cmTC_ffc81.dir/build
mingw32-make.exe[1]: Entering directory 'C:/zong/Lehigh/Study/e2019Fall/281/ubuntu/memcached-uhm/cmake-build-debug/CMakeFiles/CMakeTmp'
Building CUDA object CMakeFiles/cmTC_ffc81.dir/main.cu.obj
C:\PROGRA~1\NVIDIA~2\CUDA\v10.0\bin\nvcc.exe     -x cu -c C:\zong\Lehigh\Study\e2019Fall\281\ubuntu\memcached-uhm\cmake-build-debug\CMakeFiles\CMakeTmp\main.cu -o CMakeFiles\cmTC_ffc81.dir\main.cu.obj
C:\Program Files (x86)\Microsoft Visual Studio\2017\Professional\VC\Tools\MSVC\14.16.27023\include\crtdefs.h(10): fatal error C1083: Cannot open include file: 'corecrt.h': No such file or directory
main.cu
CMakeFiles\cmTC_ffc81.dir\build.make:64: recipe for target 'CMakeFiles/cmTC_ffc81.dir/main.cu.obj' failed
mingw32-make.exe[1]: *** [CMakeFiles/cmTC_ffc81.dir/main.cu.obj] Error 2
mingw32-make.exe[1]: Leaving directory 'C:/zong/Lehigh/Study/e2019Fall/281/ubuntu/memcached-uhm/cmake-build-debug/CMakeFiles/CMakeTmp'
Makefile:120: recipe for target 'cmTC_ffc81/fast' failed
mingw32-make.exe: *** [cmTC_ffc81/fast] Error 2



